<?xml version="1.0" encoding="UTF-8"?>
<!-- Generated by org.testng.reporters.JUnitReportReporter -->
<testsuite hostname="TYSS-Deepak" failures="0" tests="1" name="org.tyss.flinkpay.testcases.TransferAmountToMultipleAccountsAndVerify_OutboundTest" time="20.524" errors="0" timestamp="2024-12-12T08:29:51 IST" skipped="0">
  <testcase classname="org.tyss.flinkpay.testcases.TransferAmountToMultipleAccountsAndVerify_OutboundTest" name="TransferAmountToMultipleAccountsViaSWIFtandVerify" time="20.524"/>
</testsuite> <!-- org.tyss.flinkpay.testcases.TransferAmountToMultipleAccountsAndVerify_OutboundTest -->
