<?xml version="1.0" encoding="UTF-8"?>
<!-- Generated by org.testng.reporters.JUnitReportReporter -->
<testsuite hostname="TYSS-Deepak" failures="0" tests="1" name="org.tyss.flinkpay.testcases.SimulateSwiftTxnsAndVerify_Inbound_Test" time="17.663" errors="0" timestamp="2024-12-12T12:16:09 IST" skipped="0">
  <testcase classname="org.tyss.flinkpay.testcases.SimulateSwiftTxnsAndVerify_Inbound_Test" name="simulateSwiftTxnsAndVerify" time="17.663"/>
</testsuite> <!-- org.tyss.flinkpay.testcases.SimulateSwiftTxnsAndVerify_Inbound_Test -->
