<?xml version="1.0" encoding="UTF-8"?>
<!-- Generated by org.testng.reporters.JUnitReportReporter -->
<testsuite hostname="TYSS-Deepak" failures="0" tests="1" name="org.tyss.flinkpay.testcases.TranferAmountToOtherBankAndVerifyTest" time="8.965" errors="0" timestamp="2024-12-12T08:35:48 IST" skipped="0">
  <testcase classname="org.tyss.flinkpay.testcases.TranferAmountToOtherBankAndVerifyTest" name="tranferAmountToOtherBankAndVerify" time="8.965"/>
</testsuite> <!-- org.tyss.flinkpay.testcases.TranferAmountToOtherBankAndVerifyTest -->
